<?xml version="1.0" encoding="UTF-8"?>
<!-- Generated by org.testng.reporters.JUnitReportReporter -->
<testsuite hostname="Lenovo" failures="0" tests="1" name="p1.Demo1" time="4.538" errors="0" timestamp="16 Aug 2021 14:25:57 GMT" skipped="0">
  <testcase classname="p1.Demo1" name="test" time="4.538"/>
</testsuite> <!-- p1.Demo1 -->
